calculate.py loaded
Current working directory: /home/hasselgren/simulatability-quantum-algorithms-time-evolution
Starting main process...
Starting TE-PAI simulation...

Starting generation phase...

[GENERATION 1] Starting with parameters:
{
    "numQs": 20,
    "\u0394": 8,
    "T": 2,
    "dT": 0.2,
    "N": 4000,
    "circuit_pool_size": 1000,
    "Hamiltonian": "SCH"
}
[20, 8, 2, 0.2, 4000, 1000, 'SCH']
The number of qubit:20
Number of terms in the Hamiltonian:80
calculate.py loaded
Current working directory: /home/hasselgren/simulatability-quantum-algorithms-time-evolution
calculate.py loaded
Current working directory: /home/hasselgren/simulatability-quantum-algorithms-time-evolution
Wrote 10/500 circuits in chunk 1/2
Wrote 20/500 circuits in chunk 1/2
Wrote 30/500 circuits in chunk 1/2
Wrote 40/500 circuits in chunk 1/2
Wrote 50/500 circuits in chunk 1/2
Wrote 60/500 circuits in chunk 1/2
Wrote 70/500 circuits in chunk 1/2
Wrote 80/500 circuits in chunk 1/2
Wrote 90/500 circuits in chunk 1/2
Wrote 100/500 circuits in chunk 1/2
Wrote 110/500 circuits in chunk 1/2
Wrote 120/500 circuits in chunk 1/2
Wrote 130/500 circuits in chunk 1/2
Wrote 140/500 circuits in chunk 1/2
Wrote 150/500 circuits in chunk 1/2
Wrote 160/500 circuits in chunk 1/2
Wrote 170/500 circuits in chunk 1/2
Wrote 180/500 circuits in chunk 1/2
Wrote 190/500 circuits in chunk 1/2
Wrote 200/500 circuits in chunk 1/2
Wrote 210/500 circuits in chunk 1/2
Wrote 220/500 circuits in chunk 1/2
Wrote 230/500 circuits in chunk 1/2
Wrote 240/500 circuits in chunk 1/2
Wrote 250/500 circuits in chunk 1/2
Wrote 260/500 circuits in chunk 1/2
Wrote 270/500 circuits in chunk 1/2
Wrote 280/500 circuits in chunk 1/2
Wrote 290/500 circuits in chunk 1/2
Wrote 300/500 circuits in chunk 1/2
Wrote 310/500 circuits in chunk 1/2
Wrote 320/500 circuits in chunk 1/2
Wrote 330/500 circuits in chunk 1/2
Wrote 340/500 circuits in chunk 1/2
Wrote 350/500 circuits in chunk 1/2
Wrote 360/500 circuits in chunk 1/2
Wrote 370/500 circuits in chunk 1/2
Wrote 380/500 circuits in chunk 1/2
Wrote 390/500 circuits in chunk 1/2
Wrote 400/500 circuits in chunk 1/2
Wrote 410/500 circuits in chunk 1/2
Wrote 420/500 circuits in chunk 1/2
Wrote 430/500 circuits in chunk 1/2
Wrote 440/500 circuits in chunk 1/2
Wrote 450/500 circuits in chunk 1/2
Wrote 460/500 circuits in chunk 1/2
Wrote 470/500 circuits in chunk 1/2
Wrote 480/500 circuits in chunk 1/2
Wrote 490/500 circuits in chunk 1/2
Wrote 500/500 circuits in chunk 1/2
Sign list successfully saved to /home/hasselgren/simulatability-quantum-algorithms-time-evolution/TE-PAI-noSampling/data/circuits/N-4000-n-1-p-1000-Δ-pi_over_256-q-20-dT-0.2-T-2/sign_list1-N-4000-n-1-p-1000-Δ-pi_over_256-T-2-q-20.json
calculate.py loaded
Current working directory: /home/hasselgren/simulatability-quantum-algorithms-time-evolution
Wrote 10/500 circuits in chunk 2/2
Wrote 20/500 circuits in chunk 2/2
Wrote 30/500 circuits in chunk 2/2
Wrote 40/500 circuits in chunk 2/2
Wrote 50/500 circuits in chunk 2/2
Wrote 60/500 circuits in chunk 2/2
Wrote 70/500 circuits in chunk 2/2
Wrote 80/500 circuits in chunk 2/2
Wrote 90/500 circuits in chunk 2/2
Wrote 100/500 circuits in chunk 2/2
Wrote 110/500 circuits in chunk 2/2
Wrote 120/500 circuits in chunk 2/2
Wrote 130/500 circuits in chunk 2/2
Wrote 140/500 circuits in chunk 2/2
Wrote 150/500 circuits in chunk 2/2
Wrote 160/500 circuits in chunk 2/2
Wrote 170/500 circuits in chunk 2/2
Wrote 180/500 circuits in chunk 2/2
Wrote 190/500 circuits in chunk 2/2
Wrote 200/500 circuits in chunk 2/2
Wrote 210/500 circuits in chunk 2/2
Wrote 220/500 circuits in chunk 2/2
Wrote 230/500 circuits in chunk 2/2
Wrote 240/500 circuits in chunk 2/2
Wrote 250/500 circuits in chunk 2/2
Wrote 260/500 circuits in chunk 2/2
Wrote 270/500 circuits in chunk 2/2
Wrote 280/500 circuits in chunk 2/2
Wrote 290/500 circuits in chunk 2/2
Wrote 300/500 circuits in chunk 2/2
Wrote 310/500 circuits in chunk 2/2
Wrote 320/500 circuits in chunk 2/2
Wrote 330/500 circuits in chunk 2/2
Wrote 340/500 circuits in chunk 2/2
Wrote 350/500 circuits in chunk 2/2
Wrote 360/500 circuits in chunk 2/2
Wrote 370/500 circuits in chunk 2/2
Wrote 380/500 circuits in chunk 2/2
Wrote 390/500 circuits in chunk 2/2
Wrote 400/500 circuits in chunk 2/2
Wrote 410/500 circuits in chunk 2/2
Wrote 420/500 circuits in chunk 2/2
Wrote 430/500 circuits in chunk 2/2
Wrote 440/500 circuits in chunk 2/2
Wrote 450/500 circuits in chunk 2/2
Wrote 460/500 circuits in chunk 2/2
Wrote 470/500 circuits in chunk 2/2
Wrote 480/500 circuits in chunk 2/2
Wrote 490/500 circuits in chunk 2/2
Wrote 500/500 circuits in chunk 2/2
Sign list successfully saved to /home/hasselgren/simulatability-quantum-algorithms-time-evolution/TE-PAI-noSampling/data/circuits/N-4000-n-1-p-1000-Δ-pi_over_256-q-20-dT-0.2-T-2/sign_list2-N-4000-n-1-p-1000-Δ-pi_over_256-T-2-q-20.json
Cleanup complete.
[GENERATION 1] Finished.

Starting simulation phase...

Starting Lie phase...

Starting trotterThenTEPAI phase...

All tasks completed.
