nohup: ignoring input
/home/hasselgren/simulatability-quantum-algorithms-time-evolution/venv/lib/python3.12/site-packages/cotengra/hyperoptimizers/hyper.py:39: UserWarning: Couldn't import `kahypar` - skipping from default hyper optimizer and using basic `labels` method instead.
  warnings.warn(
N:1000, dT:0.5, T:5.0, q:20, n_snap:10, v:pi_over_256, Δ:0.01227184630308513
The number of qubit:20
Number of terms in the Hamiltonian:80
[1.0, 1.0646630507509203, 1.1335074116342554, 1.2068034589193053, 1.2848390522297903, 1.3679206650708882, 1.4563745884595993, 1.550548212385511, 1.6508113901347432, 1.7575578908352232, 1.8712069459279805]
Starting run 1 with signs: [1, 1, 1, 1, 1, 1, 1, 1, 1, 1]
Starting run 2 with signs: [1, 1, 1, 1, 1, 1, 1, 1, 1, 1]
Starting run 3 with signs: [1, 1, 1, 1, 1, 1, 1, 1, 1, 1]
Starting run 4 with signs: [1, 1, 1, 1, 1, 1, 1, 1, 1, 1]
Starting run 5 with signs: [1, 1, 1, 1, 1, 1, 1, 1, 1, 1]
Starting run 6 with signs: [1, 1, 1, 1, 1, 1, 1, 1, 1, 1]
Starting run 7 with signs: [1, 1, 1, 1, -1, 1, 1, 1, 1, 1]
Starting run 8 with signs: [1, 1, 1, 1, 1, 1, 1, -1, 1, 1]
Starting run 9 with signs: [1, 1, 1, 1, 1, 1, 1, 1, 1, 1]
Starting run 10 with signs: [1, 1, 1, 1, 1, -1, 1, 1, 1, 1]
Starting run 11 with signs: [1, 1, 1, 1, 1, 1, 1, 1, 1, 1]
Starting run 12 with signs: [1, 1, 1, 1, 1, 1, 1, 1, 1, 1]
Starting run 13 with signs: [1, 1, 1, 1, 1, 1, 1, 1, 1, 1]
Starting run 14 with signs: [1, 1, 1, 1, 1, 1, 1, 1, 1, 1]
Starting run 15 with signs: [1, 1, 1, 1, 1, 1, 1, 1, 1, 1]
Starting run 16 with signs: [1, 1, 1, 1, 1, 1, 1, 1, 1, 1]
Starting run 17 with signs: [1, 1, 1, 1, 1, -1, 1, 1, 1, 1]
Starting run 18 with signs: [1, 1, 1, 1, 1, 1, 1, 1, 1, 1]
Starting run 19 with signs: [1, 1, 1, 1, 1, 1, 1, 1, 1, 1]
Starting run 20 with signs: [1, 1, 1, 1, 1, 1, 1, 1, 1, 1]
Starting run 21 with signs: [1, 1, 1, 1, 1, 1, 1, 1, 1, 1]
Starting run 22 with signs: [1, 1, 1, 1, 1, 1, 1, 1, -1, 1]
Starting run 23 with signs: [1, 1, 1, 1, 1, 1, 1, 1, 1, 1]
Starting run 24 with signs: [1, 1, 1, 1, 1, 1, 1, 1, 1, 1]
Starting run 25 with signs: [1, 1, 1, 1, 1, 1, 1, 1, 1, 1]
Starting run 26 with signs: [1, 1, 1, 1, 1, 1, 1, 1, 1, 1]
Starting run 27 with signs: [1, 1, 1, 1, 1, -1, 1, 1, 1, 1]
Starting run 28 with signs: [1, 1, 1, 1, 1, 1, 1, 1, 1, 1]
Starting run 29 with signs: [1, 1, 1, 1, 1, 1, 1, 1, 1, 1]
Starting run 30 with signs: [1, 1, 1, 1, 1, 1, 1, 1, 1, -1]
Starting run 31 with signs: [1, 1, 1, 1, 1, 1, 1, 1, 1, 1]
Starting run 32 with signs: [1, 1, 1, 1, 1, 1, 1, 1, 1, 1]
Starting run 33 with signs: [1, 1, 1, 1, 1, 1, 1, 1, 1, 1]
Starting run 34 with signs: [1, 1, 1, 1, 1, 1, 1, 1, 1, 1]
Starting run 35 with signs: [1, 1, 1, 1, 1, 1, 1, 1, 1, 1]
Starting run 36 with signs: [1, 1, 1, -1, 1, 1, 1, 1, 1, 1]
Starting run 37 with signs: [1, 1, 1, 1, 1, 1, 1, 1, 1, 1]
Starting run 38 with signs: [1, 1, 1, 1, 1, 1, 1, 1, 1, 1]
Starting run 39 with signs: [1, 1, 1, 1, 1, 1, 1, 1, 1, 1]
Starting run 40 with signs: [1, 1, 1, 1, 1, 1, 1, 1, 1, 1]
Starting run 41 with signs: [1, 1, 1, 1, 1, 1, 1, 1, 1, 1]
Starting run 42 with signs: [1, 1, 1, 1, 1, 1, 1, 1, 1, 1]
Starting run 43 with signs: [1, 1, 1, 1, 1, 1, 1, 1, 1, 1]
Starting run 44 with signs: [1, 1, 1, 1, 1, 1, 1, 1, 1, 1]
Starting run 45 with signs: [1, 1, 1, -1, 1, 1, 1, 1, 1, 1]
Starting run 46 with signs: [1, 1, 1, 1, 1, 1, 1, 1, 1, 1]
Starting run 47 with signs: [1, 1, 1, 1, 1, 1, 1, 1, 1, 1]
Starting run 48 with signs: [1, 1, 1, 1, 1, 1, 1, 1, 1, 1]
Starting run 49 with signs: [1, 1, 1, 1, 1, 1, 1, 1, 1, 1]
Starting run 50 with signs: [1, 1, 1, 1, 1, 1, 1, 1, 1, 1]
Starting run 51 with signs: [1, 1, 1, 1, 1, 1, 1, 1, 1, 1]
Starting run 52 with signs: [1, 1, 1, 1, 1, 1, 1, 1, 1, 1]
Starting run 53 with signs: [1, 1, 1, 1, 1, 1, 1, 1, 1, 1]
Starting run 54 with signs: [1, 1, 1, 1, 1, 1, 1, 1, 1, 1]
Starting run 55 with signs: [1, -1, 1, 1, 1, 1, 1, 1, 1, 1]
Starting run 56 with signs: [1, 1, 1, 1, 1, 1, -1, 1, 1, 1]
Starting run 57 with signs: [1, 1, 1, 1, 1, 1, 1, 1, 1, 1]
Starting run 58 with signs: [1, 1, 1, 1, 1, 1, 1, 1, 1, 1]
Starting run 59 with signs: [1, 1, 1, 1, 1, 1, 1, 1, -1, 1]
Starting run 60 with signs: [1, 1, 1, 1, 1, 1, 1, 1, 1, 1]
Starting run 61 with signs: [1, 1, 1, 1, -1, 1, 1, 1, 1, 1]
Starting run 62 with signs: [1, 1, 1, 1, -1, 1, 1, 1, -1, 1]
Starting run 63 with signs: [1, 1, 1, 1, 1, 1, 1, 1, 1, 1]
Starting run 64 with signs: [1, 1, 1, 1, 1, 1, 1, 1, 1, 1]
Starting run 65 with signs: [1, 1, 1, 1, 1, 1, 1, 1, 1, 1]
Starting run 66 with signs: [1, 1, 1, 1, 1, 1, 1, 1, 1, 1]
Starting run 67 with signs: [1, 1, 1, 1, 1, 1, 1, 1, 1, 1]
Starting run 68 with signs: [1, 1, 1, 1, 1, -1, 1, 1, 1, 1]
Starting run 69 with signs: [1, 1, 1, 1, 1, 1, 1, 1, 1, 1]
Starting run 70 with signs: [1, 1, -1, 1, 1, 1, 1, 1, 1, 1]
Starting run 71 with signs: [1, 1, 1, 1, 1, -1, 1, 1, 1, 1]
Starting run 72 with signs: [1, 1, 1, 1, 1, 1, 1, 1, 1, 1]
Starting run 73 with signs: [1, 1, 1, 1, 1, 1, 1, 1, 1, 1]
Starting run 74 with signs: [1, 1, 1, 1, 1, 1, 1, 1, 1, 1]
Starting run 75 with signs: [1, 1, 1, 1, 1, 1, 1, 1, 1, 1]
Starting run 76 with signs: [-1, 1, 1, 1, 1, 1, 1, 1, 1, 1]
Starting run 77 with signs: [1, 1, 1, 1, 1, 1, 1, -1, 1, 1]
Starting run 78 with signs: [1, 1, 1, 1, 1, -1, 1, 1, 1, 1]
Starting run 79 with signs: [1, 1, 1, 1, 1, 1, 1, 1, 1, -1]
Starting run 80 with signs: [1, 1, 1, 1, -1, 1, 1, 1, 1, 1]
Starting run 81 with signs: [1, -1, 1, 1, 1, 1, 1, 1, 1, 1]
Starting run 82 with signs: [1, 1, 1, 1, 1, 1, 1, 1, 1, 1]
Starting run 83 with signs: [1, 1, 1, 1, 1, -1, 1, 1, 1, 1]
Starting run 84 with signs: [1, 1, 1, 1, 1, 1, 1, 1, 1, 1]
Starting run 85 with signs: [1, 1, 1, 1, 1, 1, 1, 1, 1, 1]
Starting run 86 with signs: [1, 1, 1, 1, 1, -1, 1, 1, 1, 1]
Starting run 87 with signs: [1, 1, 1, 1, 1, 1, 1, 1, 1, 1]
Starting run 88 with signs: [1, 1, 1, 1, 1, 1, 1, 1, 1, 1]
Starting run 89 with signs: [1, 1, 1, 1, 1, 1, 1, 1, 1, 1]
Starting run 90 with signs: [1, 1, 1, 1, 1, 1, 1, 1, 1, 1]
Starting run 91 with signs: [1, 1, 1, 1, 1, 1, 1, 1, 1, 1]
Starting run 92 with signs: [1, 1, 1, 1, 1, 1, 1, 1, 1, 1]
Starting run 93 with signs: [1, 1, 1, 1, 1, 1, 1, 1, 1, 1]
Starting run 94 with signs: [1, 1, 1, 1, 1, 1, 1, 1, 1, 1]
Starting run 95 with signs: [1, 1, 1, 1, 1, 1, 1, 1, 1, 1]
Starting run 96 with signs: [1, 1, 1, 1, 1, 1, 1, 1, 1, 1]
Starting run 97 with signs: [1, 1, 1, 1, 1, 1, 1, 1, 1, 1]
Starting run 98 with signs: [1, 1, 1, 1, 1, 1, 1, 1, 1, 1]
Starting run 99 with signs: [1, 1, 1, 1, 1, 1, 1, 1, 1, 1]
Starting run 100 with signs: [1, 1, 1, 1, 1, 1, 1, 1, 1, 1]
[Setup] Launching 100 runs across up to 23 worker processes (timesteps/run=10, dT=0.5).
[Progress] Completed 10/100 runs (10%). Elapsed 98502.9s, ETA 886526.0s.
[Progress] Completed 20/100 runs (20%). Elapsed 112680.2s, ETA 450720.7s.
[Progress] Completed 30/100 runs (30%). Elapsed 186717.1s, ETA 435673.1s.
[Progress] Completed 40/100 runs (40%). Elapsed 202049.4s, ETA 303074.0s.
[Progress] Completed 50/100 runs (50%). Elapsed 275147.1s, ETA 275147.1s.
/home/hasselgren/simulatability-quantum-algorithms-time-evolution/venv/lib/python3.12/site-packages/quimb/tensor/decomp.py:347: UserWarning: Got: Internal algorithm failed to converge., falling back to scipy gesvd driver.
  warnings.warn(f"Got: {e}, falling back to scipy gesvd driver.")
[Progress] Completed 60/100 runs (60%). Elapsed 299585.8s, ETA 199723.8s.
[Progress] Completed 70/100 runs (70%). Elapsed 333623.0s, ETA 142981.3s.
/home/hasselgren/simulatability-quantum-algorithms-time-evolution/venv/lib/python3.12/site-packages/quimb/tensor/decomp.py:347: UserWarning: Got: Internal algorithm failed to converge., falling back to scipy gesvd driver.
  warnings.warn(f"Got: {e}, falling back to scipy gesvd driver.")
[Progress] Completed 80/100 runs (80%). Elapsed 385377.9s, ETA 96344.5s.
[Progress] Completed 90/100 runs (90%). Elapsed 396980.6s, ETA 44109.0s.
[Progress] Completed 100/100 runs (100%). Elapsed 408071.7s, ETA 0.0s.
Saved runs to: TE-PAI-noSampling/data/many-circuits/runs-N-100-n-1-p-1000-Δ-pi_over_256-q-20-dT-0.5-T-5.csv
[Done] All 100 runs finished in 408071.9s.
